<?xml version="1.0" encoding="UTF-8"?>
<testng-results ignored="0" total="3" passed="3" failed="0" skipped="0">
  <reporter-output>
  </reporter-output>
  <suite started-at="2024-04-18T17:33:09 IST" name="Suite" finished-at="2024-04-18T17:36:12 IST" duration-ms="182625">
    <groups>
      <group name="cucumber">
        <method signature="AbstractTestNGCucumberTests.runScenario(io.cucumber.testng.PickleWrapper,io.cucumber.testng.FeatureWrapper)[pri:0, instance:testRunner.TestRunner@3eb91815]" name="runScenario" class="io.cucumber.testng.AbstractTestNGCucumberTests"/>
      </group> <!-- cucumber -->
    </groups>
    <test started-at="2024-04-18T17:33:09 IST" name="chrometest" finished-at="2024-04-18T17:36:12 IST" duration-ms="182625">
      <class name="testRunner.TestRunner">
        <test-method is-config="true" signature="setUpClass(org.testng.ITestContext)[pri:0, instance:testRunner.TestRunner@3eb91815]" started-at="2024-04-18T17:33:09 IST" name="setUpClass" finished-at="2024-04-18T17:33:10 IST" duration-ms="1025" status="PASS">
          <params>
            <param index="0">
              <value>
                <![CDATA[org.testng.TestRunner@1c62d2ad]]>
              </value>
            </param>
          </params>
          <reporter-output>
          </reporter-output>
        </test-method> <!-- setUpClass -->
        <test-method signature="runScenario(io.cucumber.testng.PickleWrapper,io.cucumber.testng.FeatureWrapper)[pri:0, instance:testRunner.TestRunner@3eb91815]" started-at="2024-04-18T17:33:10 IST" name="runScenario" description="Runs Cucumber Scenarios" data-provider="scenarios" finished-at="2024-04-18T17:34:36 IST" duration-ms="86034" status="PASS">
          <params>
            <param index="0">
              <value>
                <![CDATA["Find travel insurance plan for students"]]>
              </value>
            </param>
            <param index="1">
              <value>
                <![CDATA["TravelInsurance"]]>
              </value>
            </param>
          </params>
          <reporter-output>
          </reporter-output>
        </test-method> <!-- runScenario -->
        <test-method signature="runScenario(io.cucumber.testng.PickleWrapper,io.cucumber.testng.FeatureWrapper)[pri:0, instance:testRunner.TestRunner@3eb91815]" started-at="2024-04-18T17:34:36 IST" name="runScenario" description="Runs Cucumber Scenarios" data-provider="scenarios" finished-at="2024-04-18T17:35:17 IST" duration-ms="41048" status="PASS">
          <params>
            <param index="0">
              <value>
                <![CDATA["Getting a Car Insurance quote"]]>
              </value>
            </param>
            <param index="1">
              <value>
                <![CDATA["CarInsurance"]]>
              </value>
            </param>
          </params>
          <reporter-output>
          </reporter-output>
        </test-method> <!-- runScenario -->
        <test-method signature="runScenario(io.cucumber.testng.PickleWrapper,io.cucumber.testng.FeatureWrapper)[pri:0, instance:testRunner.TestRunner@3eb91815]" started-at="2024-04-18T17:35:17 IST" name="runScenario" description="Runs Cucumber Scenarios" data-provider="scenarios" finished-at="2024-04-18T17:36:02 IST" duration-ms="44247" status="PASS">
          <params>
            <param index="0">
              <value>
                <![CDATA["Retrieving all Health Insurance menu items"]]>
              </value>
            </param>
            <param index="1">
              <value>
                <![CDATA["TravelInsurance"]]>
              </value>
            </param>
          </params>
          <reporter-output>
          </reporter-output>
        </test-method> <!-- runScenario -->
        <test-method is-config="true" signature="tearDownClass()[pri:0, instance:testRunner.TestRunner@3eb91815]" started-at="2024-04-18T17:36:02 IST" name="tearDownClass" finished-at="2024-04-18T17:36:12 IST" duration-ms="10217" status="PASS">
          <reporter-output>
          </reporter-output>
        </test-method> <!-- tearDownClass -->
      </class> <!-- testRunner.TestRunner -->
    </test> <!-- chrometest -->
  </suite> <!-- Suite -->
</testng-results>
